0 info it worked if it ends with ok
1 verbose cli [ '/usr/local/bin/node',
1 verbose cli   '/usr/local/bin/npm',
1 verbose cli   'install',
1 verbose cli   '-',
1 verbose cli   'g',
1 verbose cli   'express' ]
2 info using npm@3.10.9
3 info using node@v6.9.2
4 silly loadCurrentTree Starting
5 silly install loadCurrentTree
6 silly install readLocalPackageData
7 silly fetchPackageMetaData -
8 silly fetchPackageMetaData g
9 silly fetchPackageMetaData express
10 silly fetchOtherPackageData -
11 silly cache add args [ '-', null ]
12 verbose cache add spec -
13 silly fetchNamedPackageData g
14 silly mapToRegistry name g
15 silly mapToRegistry using default registry
16 silly mapToRegistry registry https://registry.npmjs.org/
17 silly mapToRegistry data Result {
17 silly mapToRegistry   raw: 'g',
17 silly mapToRegistry   scope: null,
17 silly mapToRegistry   escapedName: 'g',
17 silly mapToRegistry   name: 'g',
17 silly mapToRegistry   rawSpec: '',
17 silly mapToRegistry   spec: 'latest',
17 silly mapToRegistry   type: 'tag' }
18 silly mapToRegistry uri https://registry.npmjs.org/g
19 silly fetchNamedPackageData express
20 silly mapToRegistry name express
21 silly mapToRegistry using default registry
22 silly mapToRegistry registry https://registry.npmjs.org/
23 silly mapToRegistry data Result {
23 silly mapToRegistry   raw: 'express',
23 silly mapToRegistry   scope: null,
23 silly mapToRegistry   escapedName: 'express',
23 silly mapToRegistry   name: 'express',
23 silly mapToRegistry   rawSpec: '',
23 silly mapToRegistry   spec: 'latest',
23 silly mapToRegistry   type: 'tag' }
24 silly mapToRegistry uri https://registry.npmjs.org/express
25 silly cache add parsed spec Result {
25 silly cache add   raw: '-',
25 silly cache add   scope: null,
25 silly cache add   escapedName: null,
25 silly cache add   name: null,
25 silly cache add   rawSpec: '-',
25 silly cache add   spec: '/Users/arno/code/project_bruiloft_bootstrap/public/-',
25 silly cache add   type: 'local' }
26 verbose request uri https://registry.npmjs.org/g
27 verbose request no auth needed
28 info attempt registry request try #1 at 9:56:12 PM
29 verbose request id ce69c89ec4ef0e60
30 http request GET https://registry.npmjs.org/g
31 error addLocal Could not install /Users/arno/code/project_bruiloft_bootstrap/public/-
32 silly fetchPackageMetaData Error: ENOENT: no such file or directory, open '/Users/arno/code/project_bruiloft_bootstrap/public/-'
32 silly fetchPackageMetaData     at Error (native)
32 silly fetchPackageMetaData  error for - { Error: ENOENT: no such file or directory, open '/Users/arno/code/project_bruiloft_bootstrap/public/-'
32 silly fetchPackageMetaData     at Error (native)
32 silly fetchPackageMetaData   errno: -2,
32 silly fetchPackageMetaData   code: 'ENOENT',
32 silly fetchPackageMetaData   syscall: 'open',
32 silly fetchPackageMetaData   path: '/Users/arno/code/project_bruiloft_bootstrap/public/-' }
33 verbose request uri https://registry.npmjs.org/express
34 verbose request no auth needed
35 info attempt registry request try #1 at 9:56:13 PM
36 verbose etag "5a7f4117-93e95"
37 verbose lastModified Sat, 10 Feb 2018 18:59:35 GMT
38 http request GET https://registry.npmjs.org/express
39 http 200 https://registry.npmjs.org/g
40 verbose headers { 'content-type': 'application/json; charset=UTF-8',
40 verbose headers   server: 'UploadServer',
40 verbose headers   'cache-control': 'max-age=300',
40 verbose headers   'last-modified': 'Sat, 14 May 2016 3:19:21 GMT',
40 verbose headers   etag: '"57369939-205b"',
40 verbose headers   'x-npm-region': 'EU-Central',
40 verbose headers   'content-encoding': 'gzip',
40 verbose headers   'content-length': '1712',
40 verbose headers   'accept-ranges': 'bytes',
40 verbose headers   date: 'Tue, 13 Feb 2018 20:56:13 GMT',
40 verbose headers   via: '1.1 varnish',
40 verbose headers   age: '4319',
40 verbose headers   connection: 'keep-alive',
40 verbose headers   'x-served-by': 'cache-ams4431-AMS',
40 verbose headers   'x-cache': 'HIT',
40 verbose headers   'x-cache-hits': '1',
40 verbose headers   'x-timer': 'S1518555373.195719,VS0,VE1',
40 verbose headers   vary: 'Accept-Encoding, Accept' }
41 silly get cb [ 200,
41 silly get   { 'content-type': 'application/json; charset=UTF-8',
41 silly get     server: 'UploadServer',
41 silly get     'cache-control': 'max-age=300',
41 silly get     'last-modified': 'Sat, 14 May 2016 3:19:21 GMT',
41 silly get     etag: '"57369939-205b"',
41 silly get     'x-npm-region': 'EU-Central',
41 silly get     'content-encoding': 'gzip',
41 silly get     'content-length': '1712',
41 silly get     'accept-ranges': 'bytes',
41 silly get     date: 'Tue, 13 Feb 2018 20:56:13 GMT',
41 silly get     via: '1.1 varnish',
41 silly get     age: '4319',
41 silly get     connection: 'keep-alive',
41 silly get     'x-served-by': 'cache-ams4431-AMS',
41 silly get     'x-cache': 'HIT',
41 silly get     'x-cache-hits': '1',
41 silly get     'x-timer': 'S1518555373.195719,VS0,VE1',
41 silly get     vary: 'Accept-Encoding, Accept' } ]
42 verbose get saving g to /Users/arno/.npm/registry.npmjs.org/g/.cache.json
43 verbose correctMkdir /Users/arno/.npm correctMkdir not in flight; initializing
44 http 200 https://registry.npmjs.org/express
45 verbose headers { 'content-type': 'application/json; charset=UTF-8',
45 verbose headers   server: 'UploadServer',
45 verbose headers   'cache-control': 'max-age=300',
45 verbose headers   'last-modified': 'Tue, 13 Feb 2018 7:43:18 GMT',
45 verbose headers   etag: '"5a829716-93eca"',
45 verbose headers   'x-npm-region': 'EU-Central',
45 verbose headers   'content-encoding': 'gzip',
45 verbose headers   'content-length': '48309',
45 verbose headers   'accept-ranges': 'bytes',
45 verbose headers   date: 'Tue, 13 Feb 2018 20:56:13 GMT',
45 verbose headers   via: '1.1 varnish',
45 verbose headers   age: '4620',
45 verbose headers   connection: 'keep-alive',
45 verbose headers   'x-served-by': 'cache-ams4437-AMS',
45 verbose headers   'x-cache': 'HIT',
45 verbose headers   'x-cache-hits': '2',
45 verbose headers   'x-timer': 'S1518555373.190295,VS0,VE0',
45 verbose headers   vary: 'Accept-Encoding, Accept' }
46 silly get cb [ 200,
46 silly get   { 'content-type': 'application/json; charset=UTF-8',
46 silly get     server: 'UploadServer',
46 silly get     'cache-control': 'max-age=300',
46 silly get     'last-modified': 'Tue, 13 Feb 2018 7:43:18 GMT',
46 silly get     etag: '"5a829716-93eca"',
46 silly get     'x-npm-region': 'EU-Central',
46 silly get     'content-encoding': 'gzip',
46 silly get     'content-length': '48309',
46 silly get     'accept-ranges': 'bytes',
46 silly get     date: 'Tue, 13 Feb 2018 20:56:13 GMT',
46 silly get     via: '1.1 varnish',
46 silly get     age: '4620',
46 silly get     connection: 'keep-alive',
46 silly get     'x-served-by': 'cache-ams4437-AMS',
46 silly get     'x-cache': 'HIT',
46 silly get     'x-cache-hits': '2',
46 silly get     'x-timer': 'S1518555373.190295,VS0,VE0',
46 silly get     vary: 'Accept-Encoding, Accept' } ]
47 verbose get saving express to /Users/arno/.npm/registry.npmjs.org/express/.cache.json
48 verbose correctMkdir /Users/arno/.npm correctMkdir not in flight; initializing
49 silly rollbackFailedOptional Starting
50 silly rollbackFailedOptional Finishing
51 silly runTopLevelLifecycles Finishing
52 silly install printInstalled
53 verbose stack Error: ENOENT: no such file or directory, open '/Users/arno/code/project_bruiloft_bootstrap/public/-'
53 verbose stack     at Error (native)
54 verbose cwd /Users/arno/code/project_bruiloft_bootstrap/public
55 error Darwin 17.3.0
56 error argv "/usr/local/bin/node" "/usr/local/bin/npm" "install" "-" "g" "express"
57 error node v6.9.2
58 error npm  v3.10.9
59 error path /Users/arno/code/project_bruiloft_bootstrap/public/-
60 error code ENOENT
61 error errno -2
62 error syscall open
63 error enoent ENOENT: no such file or directory, open '/Users/arno/code/project_bruiloft_bootstrap/public/-'
64 error enoent ENOENT: no such file or directory, open '/Users/arno/code/project_bruiloft_bootstrap/public/-'
64 error enoent This is most likely not a problem with npm itself
64 error enoent and is related to npm not being able to find a file.
65 verbose exit [ -2, true ]
